Feb 19 15:27:38 Cowrie18vp authbind[4441]: usage: cowrie [-h]
Feb 19 15:27:38 Cowrie18vp authbind[4441]:               {start,stop,force-stop,restart,status,shell,bash,sh} [args ...]
Feb 19 15:27:38 Cowrie18vp authbind[4441]: cowrie: error: unrecognized arguments: -n
Feb 19 15:27:37 Cowrie18vp systemd[1]: Started cowrie.service - Cowrie SSH/Telnet Honeypot.
Feb 19 15:27:38 Cowrie18vp systemd[1]: cowrie.service: Main process exited, code=exited, status=2/INVALIDARGUMENT
Feb 19 15:27:38 Cowrie18vp systemd[1]: cowrie.service: Failed with result 'exit-code'.
Feb 19 15:27:38 Cowrie18vp systemd[1]: cowrie.service: Scheduled restart job, restart counter is at 2.
Feb 19 15:27:38 Cowrie18vp systemd[1]: Started cowrie.service - Cowrie SSH/Telnet Honeypot.
Feb 19 15:27:38 Cowrie18vp authbind[4443]: usage: cowrie [-h]
Feb 19 15:27:38 Cowrie18vp authbind[4443]:               {start,stop,force-stop,restart,status,shell,bash,sh} [args ...]
Feb 19 15:27:38 Cowrie18vp authbind[4443]: cowrie: error: unrecognized arguments: -n
Feb 19 15:27:38 Cowrie18vp systemd[1]: cowrie.service: Main process exited, code=exited, status=2/INVALIDARGUMENT
Feb 19 15:27:38 Cowrie18vp systemd[1]: cowrie.service: Failed with result 'exit-code'.
Feb 19 15:27:38 Cowrie18vp systemd[1]: cowrie.service: Scheduled restart job, restart counter is at 3.
Feb 19 15:27:38 Cowrie18vp systemd[1]: Started cowrie.service - Cowrie SSH/Telnet Honeypot.
Feb 19 15:27:38 Cowrie18vp authbind[4445]: usage: cowrie [-h]
Feb 19 15:27:38 Cowrie18vp authbind[4445]:               {start,stop,force-stop,restart,status,shell,bash,sh} [args ...]
Feb 19 15:27:38 Cowrie18vp authbind[4445]: cowrie: error: unrecognized arguments: -n
Feb 19 15:27:38 Cowrie18vp systemd[1]: cowrie.service: Main process exited, code=exited, status=2/INVALIDARGUMENT
Feb 19 15:27:38 Cowrie18vp systemd[1]: cowrie.service: Failed with result 'exit-code'.
Feb 19 15:27:38 Cowrie18vp systemd[1]: cowrie.service: Scheduled restart job, restart counter is at 4.
Feb 19 15:27:38 Cowrie18vp systemd[1]: Started cowrie.service - Cowrie SSH/Telnet Honeypot.
Feb 19 15:27:38 Cowrie18vp authbind[4447]: usage: cowrie [-h]
Feb 19 15:27:38 Cowrie18vp authbind[4447]:               {start,stop,force-stop,restart,status,shell,bash,sh} [args ...]
Feb 19 15:27:38 Cowrie18vp authbind[4447]: cowrie: error: unrecognized arguments: -n
Feb 19 15:27:38 Cowrie18vp systemd[1]: cowrie.service: Main process exited, code=exited, status=2/INVALIDARGUMENT
Feb 19 15:27:38 Cowrie18vp systemd[1]: cowrie.service: Failed with result 'exit-code'.
Feb 19 15:27:38 Cowrie18vp systemd[1]: cowrie.service: Scheduled restart job, restart counter is at 5.
Feb 19 15:27:38 Cowrie18vp systemd[1]: cowrie.service: Start request repeated too quickly.
Feb 19 15:27:38 Cowrie18vp systemd[1]: cowrie.service: Failed with result 'exit-code'.
Feb 19 15:27:38 Cowrie18vp systemd[1]: Failed to start cowrie.service - Cowrie SSH/Telnet Honeypot.
Feb 19 15:32:18 Cowrie18vp systemd[1]: Started cowrie.service - Cowrie SSH/Telnet Honeypot.
Feb 19 15:32:43 Cowrie18vp authbind[4655]: /home/cowrie/cowrie/cowrie-env/lib/python3.12/site-packages/twisted/conch/ssh/transport.py:110: CryptographyDeprecationWarning: TripleDES has been moved to cryptography.hazmat.decrepit.ciphers.algorithms.TripleDES and will be removed from cryptography.hazmat.primitives.ciphers.algorithms in 48.0.0.
Feb 19 15:32:43 Cowrie18vp authbind[4655]:   b"3des-cbc": (algorithms.TripleDES, 24, modes.CBC),
Feb 19 15:32:44 Cowrie18vp authbind[4655]: /home/cowrie/cowrie/cowrie-env/lib/python3.12/site-packages/twisted/conch/ssh/transport.py:117: CryptographyDeprecationWarning: TripleDES has been moved to cryptography.hazmat.decrepit.ciphers.algorithms.TripleDES and will be removed from cryptography.hazmat.primitives.ciphers.algorithms in 48.0.0.
Feb 19 15:32:44 Cowrie18vp authbind[4655]:   b"3des-ctr": (algorithms.TripleDES, 24, modes.CTR),
Feb 19 15:32:46 Cowrie18vp authbind[4660]: Stopping cowrie...
Feb 19 15:32:46 Cowrie18vp systemd[1]: cowrie.service: Deactivated successfully.
Feb 19 15:35:31 Cowrie18vp systemd[1]: Started cowrie.service - Cowrie SSH/Telnet Honeypot.
Feb 19 15:35:36 Cowrie18vp systemd[1]: Stopping cowrie.service - Cowrie SSH/Telnet Honeypot...
Feb 19 15:35:36 Cowrie18vp authbind[4825]: cowrie is not running.
Feb 19 15:35:36 Cowrie18vp systemd[1]: cowrie.service: Deactivated successfully.
Feb 19 15:35:36 Cowrie18vp systemd[1]: Stopped cowrie.service - Cowrie SSH/Telnet Honeypot.
Feb 19 15:35:36 Cowrie18vp systemd[1]: Started cowrie.service - Cowrie SSH/Telnet Honeypot.
Feb 19 15:35:50 Cowrie18vp authbind[4828]: /home/cowrie/cowrie/cowrie-env/lib/python3.12/site-packages/twisted/conch/ssh/transport.py:110: CryptographyDeprecationWarning: TripleDES has been moved to cryptography.hazmat.decrepit.ciphers.algorithms.TripleDES and will be removed from cryptography.hazmat.primitives.ciphers.algorithms in 48.0.0.
Feb 19 15:35:50 Cowrie18vp authbind[4828]:   b"3des-cbc": (algorithms.TripleDES, 24, modes.CBC),
Feb 19 15:35:50 Cowrie18vp authbind[4828]: /home/cowrie/cowrie/cowrie-env/lib/python3.12/site-packages/twisted/conch/ssh/transport.py:117: CryptographyDeprecationWarning: TripleDES has been moved to cryptography.hazmat.decrepit.ciphers.algorithms.TripleDES and will be removed from cryptography.hazmat.primitives.ciphers.algorithms in 48.0.0.
Feb 19 15:35:50 Cowrie18vp authbind[4828]:   b"3des-ctr": (algorithms.TripleDES, 24, modes.CTR),
Feb 19 15:35:53 Cowrie18vp authbind[4903]: Stopping cowrie...
Feb 19 15:35:53 Cowrie18vp systemd[1]: cowrie.service: Deactivated successfully.
